info it worked if it ends with ok
verbose cli [ 'node', '/usr/bin/npm', 'install', 'gem' ]
info using npm@1.1.0-2
info using node@v0.6.8
verbose /usr/bin/node node symlink
verbose config file /root/.npmrc
verbose config file /usr/etc/npmrc
verbose config file /usr/lib/nodejs/npm/npmrc
verbose cache add [ 'gem', null ]
silly cache add: name, spec, args [ undefined, 'gem', [ 'gem', null ] ]
verbose parsed url { pathname: 'gem', path: 'gem', href: 'gem' }
verbose addNamed [ 'gem', '' ]
verbose addNamed [ null, '' ]
silly name, range, hasData [ 'gem', '', false ]
verbose raw, before any munging gem
verbose url resolving [ 'https://registry.npmjs.org/', './gem' ]
verbose url resolved https://registry.npmjs.org/gem
http GET https://registry.npmjs.org/gem
http 404 https://registry.npmjs.org/gem
silly get cb [ 404,
silly get cb   { server: 'CouchDB/1.1.0 (Erlang OTP/R14B04)',
silly get cb     date: 'Sat, 28 Jan 2012 18:55:30 GMT',
silly get cb     'content-type': 'application/json',
silly get cb     'content-length': '52',
silly get cb     'cache-control': 'must-revalidate' } ]
ERR! 404 'gem' is not in the npm registry.
ERR! 404 You should bug the author to publish it
ERR! 404 Note that you can also install from a
ERR! 404 tarball, folder, or http url, or git url.
ERR! 
ERR! System Linux 3.0.0-12-virtual
ERR! command "node" "/usr/bin/npm" "install" "gem"
ERR! cwd /root/projects/blog/romansky.github.com
ERR! node -v v0.6.8
ERR! npm -v 1.1.0-2
ERR! code E404
ERR! message 404 Not Found: gem
ERR! errno {}
verbose exit [ 1, true ]
